kunpeng AdjustFile Error!
[2020-04-16 09:00:43.050998] INFO: [Target]: --------------------------
[2020-04-16 09:00:43.051315] INFO: [Target]: START  Working on 20200416
[2020-04-16 09:00:43.493437] INFO: [Target]: there are 3807 sids found for close on 20200415
[2020-04-16 09:00:43.554514] INFO: [Target]: there are 11 sids found in suspension on 20200416
[2020-04-16 09:00:44.797261] INFO: [Target]: FINISH Working on 20200416
[2020-04-16 09:00:44.834119] INFO: [NewOpen]: --------------------------
[2020-04-16 09:00:44.834384] INFO: [NewOpen]: START  Working on 20200416
[2020-04-16 09:00:44.890411] INFO: [NewOpen]: succeed reading /home/jiangtz/KunPeng/1_target/kunpeng/datafold/20200416.csv
[2020-04-16 09:00:45.121193] INFO: [NewOpen]: there are 3807 sids found for close on 20200415
[2020-04-16 09:00:45.257696] INFO: [NewOpen]: there are 5324 sids found for sharename on 20200416
[2020-04-16 09:00:45.367916] INFO: [NewOpen]: FINISH Working on 20200416
[2020-04-16 09:00:45.406961] INFO: [Adjust]: --------------------------
[2020-04-16 09:00:45.407140] INFO: [Adjust]: START  Working on 20200416
kunpeng
[2020-04-16 09:00:45.637647] INFO: [Adjust]: there are 3807 sids found for close on 20200415
[2020-04-16 09:00:45.693100] INFO: [Adjust]: there are 11 sids found in suspension on 20200416
[2020-04-16 09:00:45.739726] INFO: [Adjust]: there are 18 sids found in suspension on 20200415
[2020-04-16 09:00:45.788913] INFO: [Adjust]: succeed reading target weight: /home/jiangtz/KunPeng/1_target/kunpeng/datafold/20200416.csv
('TargetValue: ', 1866433.0)
[2020-04-16 09:00:45.839331] INFO: [Adjust]: there are 5324 sids found for sharename on 20200416
[2020-04-16 09:00:45.899794] INFO: [Adjust]: there are 5324 sids found for sharename on 20200416
('TargetNewValue: ', 1836658.0)
000069    1800
000402     100
000403     200
000423     300
000513     500
000544    1500
000550     100
000551    1200
000729    2200
000732    1800
000789     400
000802     800
000815     400
000818     400
000848    1400
000910    1000
000926    1200
000951    1500
000961    1200
000969     200
002015     200
002035     100
002042     100
002048    1000
002061     200
002082    1000
002091     200
002100     100
002124     100
002127     100
          ... 
603010     200
603018    1400
603035     800
603066    1000
603127     100
603128     200
603158     600
603197     800
603208     200
603214     200
603313     600
603345     200
603387     300
603456     400
603496     400
603517     200
603566    1100
603589     200
603609     200
603636     200
603686    1800
603711     400
603721     400
603773     600
603801    1300
603839     200
603883     100
603887     100
603916     400
603919     600
Length: 189, dtype: int64
000069    1800
000157       0
000402     100
000403     200
000423     300
000513     500
000544    1500
000550     100
000551    1200
000603       0
000729    2200
000732    1800
000789     400
000802     800
000815     400
000818     400
000848    1400
000910    1000
000926    1200
000951    1500
000961    1200
000969     200
002015     200
002035     100
002042     100
002048    1000
002061     200
002082    1000
002091     200
002092       0
          ... 
603128     200
603158     600
603197     800
603208     200
603214     200
603232       0
603313     600
603345     200
603387     300
603456     400
603496     400
603517     200
603538       0
603556       0
603566    1100
603589     200
603609     200
603612       0
603636     200
603686    1800
603711     400
603721     400
603773     600
603801    1300
603839     200
603883     100
603885       0
603887     100
603916     400
603919     600
Length: 236, dtype: int64
[2020-04-16 09:00:46.012097] INFO: [Adjust]: FINISH Working on 20200416
Products Basket OK
